<?xml version="1.0" encoding="UTF-8"?>
<!-- Generated by org.testng.reporters.JUnitReportReporter -->
<testsuite hostname="LAPTOP-30OCF8HK" failures="0" tests="1" name="Runners.TestRunner" time="20.616" errors="0" timestamp="2024-02-29T14:09:15 IST" skipped="0">
  <testcase classname="Runners.TestRunner" name="runScenario" time="20.616"/>
</testsuite> <!-- Runners.TestRunner -->
