<?xml version="1.0" encoding="UTF-8"?>
<!-- Generated by org.testng.reporters.JUnitReportReporter -->
<testsuite hostname="LAPTOP-30OCF8HK" failures="0" tests="3" name="stepDefinitions.ManageAppointmentBlocks" time="0.017" errors="0" timestamp="2024-02-28T18:54:46 IST" skipped="0">
  <testcase classname="stepDefinitions.ManageAppointmentBlocks" name="loginTest" time="0.002"/>
  <testcase classname="stepDefinitions.ManageAppointmentBlocks" name="loginTest" time="0.001"/>
  <testcase classname="stepDefinitions.ManageAppointmentBlocks" name="loginTest" time="0.014"/>
</testsuite> <!-- stepDefinitions.ManageAppointmentBlocks -->
