<?xml version="1.0" encoding="UTF-8"?>
<!-- Generated by org.testng.reporters.JUnitReportReporter -->
<testsuite hostname="LAPTOP-30OCF8HK" failures="0" tests="3" name="Test.AllTests" time="22.081" errors="0" timestamp="2024-02-26T08:16:46 IST" skipped="0">
  <testcase classname="Test.AllTests" name="login" time="9.186"/>
  <testcase classname="Test.AllTests" name="navigateToAppointmentPage" time="6.308"/>
  <testcase classname="Test.AllTests" name="scheduleAppointment" time="6.587"/>
</testsuite> <!-- Test.AllTests -->
