<?xml version="1.0" encoding="UTF-8"?>
<!-- Generated by org.testng.reporters.JUnitReportReporter -->
<testsuite hostname="LAPTOP-30OCF8HK" failures="0" tests="1" name="Runners.TestRunner" time="32.390" errors="0" timestamp="2024-02-24T17:29:06 IST" skipped="0">
  <testcase classname="Runners.TestRunner" name="runScenario" time="32.390"/>
</testsuite> <!-- Runners.TestRunner -->
