<?xml version="1.0" encoding="UTF-8"?>
<!-- Generated by org.testng.reporters.JUnitReportReporter -->
<testsuite hostname="LAPTOP-30OCF8HK" failures="0" tests="1" name="Utilities.listener" time="11.977" errors="0" timestamp="2024-02-24T19:31:55 IST" skipped="0">
  <testcase classname="Utilities.listener" name="LoginFailTest" time="11.977"/>
</testsuite> <!-- Utilities.listener -->
