<?xml version="1.0" encoding="UTF-8"?>
<!-- Generated by org.testng.reporters.JUnitReportReporter -->
<testsuite hostname="LAPTOP-30OCF8HK" failures="0" tests="1" name="Utilities.MyListener" time="12.570" errors="0" timestamp="2024-02-24T19:44:14 IST" skipped="0">
  <testcase classname="Utilities.MyListener" name="LoginFailTest" time="12.570"/>
</testsuite> <!-- Utilities.MyListener -->
